<?xml version="1.0" encoding="UTF-8"?>
<testng-results ignored="0" total="3" passed="3" failed="0" skipped="0">
  <reporter-output>
  </reporter-output>
  <suite started-at="2026-02-13T10:22:19 IST" name="Default suite" finished-at="2026-02-13T10:22:23 IST" duration-ms="4595">
    <groups>
    </groups>
    <test started-at="2026-02-13T10:22:19 IST" name="Default test" finished-at="2026-02-13T10:22:23 IST" duration-ms="4595">
      <class name="dynamicJson">
        <test-method signature="addBook(java.lang.String,java.lang.String)[pri:0, instance:dynamicJson@7e6f74c]" started-at="2026-02-13T10:22:19 IST" name="addBook" data-provider="BooksData" finished-at="2026-02-13T10:22:23 IST" duration-ms="4191" status="PASS">
          <params>
            <param index="0">
              <value>
                <![CDATA[sadsd]]>
              </value>
            </param>
            <param index="1">
              <value>
                <![CDATA[1233]]>
              </value>
            </param>
          </params>
          <reporter-output>
          </reporter-output>
        </test-method> <!-- addBook -->
        <test-method signature="addBook(java.lang.String,java.lang.String)[pri:0, instance:dynamicJson@7e6f74c]" started-at="2026-02-13T10:22:23 IST" name="addBook" data-provider="BooksData" finished-at="2026-02-13T10:22:23 IST" duration-ms="141" status="PASS">
          <params>
            <param index="0">
              <value>
                <![CDATA[sadyysd]]>
              </value>
            </param>
            <param index="1">
              <value>
                <![CDATA[71233]]>
              </value>
            </param>
          </params>
          <reporter-output>
          </reporter-output>
        </test-method> <!-- addBook -->
        <test-method signature="addBook(java.lang.String,java.lang.String)[pri:0, instance:dynamicJson@7e6f74c]" started-at="2026-02-13T10:22:23 IST" name="addBook" data-provider="BooksData" finished-at="2026-02-13T10:22:23 IST" duration-ms="168" status="PASS">
          <params>
            <param index="0">
              <value>
                <![CDATA[uytt]]>
              </value>
            </param>
            <param index="1">
              <value>
                <![CDATA[12363]]>
              </value>
            </param>
          </params>
          <reporter-output>
          </reporter-output>
        </test-method> <!-- addBook -->
      </class> <!-- dynamicJson -->
    </test> <!-- Default test -->
  </suite> <!-- Default suite -->
</testng-results>
