<?xml version="1.0" encoding="UTF-8"?>
<testng-results ignored="0" total="1" passed="1" failed="0" skipped="0">
  <reporter-output>
  </reporter-output>
  <suite started-at="2026-02-11T11:24:56 IST" name="Default suite" finished-at="2026-02-11T11:25:00 IST" duration-ms="3726">
    <groups>
    </groups>
    <test started-at="2026-02-11T11:24:56 IST" name="Default test" finished-at="2026-02-11T11:25:00 IST" duration-ms="3726">
      <class name="dynamicJson">
        <test-method signature="addBook()[pri:0, instance:dynamicJson@206a70ef]" started-at="2026-02-11T11:24:56 IST" name="addBook" finished-at="2026-02-11T11:25:00 IST" duration-ms="3660" status="PASS">
          <reporter-output>
          </reporter-output>
        </test-method> <!-- addBook -->
      </class> <!-- dynamicJson -->
    </test> <!-- Default test -->
  </suite> <!-- Default suite -->
</testng-results>
